[1015/212804.918:ERROR:directory_reader_win.cc(43)] FindFirstFile: The system cannot find the path specified. (0x3)
[1017/115417.212:ERROR:directory_reader_win.cc(43)] FindFirstFile: The system cannot find the path specified. (0x3)
[1018/115417.219:ERROR:directory_reader_win.cc(43)] FindFirstFile: The system cannot find the path specified. (0x3)
[1019/062340.603:ERROR:process_reader_win.cc(151)] SuspendThread: Access is denied. (0x5)
[1019/062340.556:ERROR:process_reader_win.cc(151)] SuspendThread: Access is denied. (0x5)
[1019/062340.712:ERROR:process_reader_win.cc(151)] SuspendThread: Access is denied. (0x5)
[1019/062340.603:ERROR:process_reader_win.cc(151)] SuspendThread: Access is denied. (0x5)
[1019/062340.556:ERROR:process_reader_win.cc(151)] SuspendThread: Access is denied. (0x5)
[1019/062340.587:ERROR:process_reader_win.cc(151)] SuspendThread: Access is denied. (0x5)
[1019/062340.712:ERROR:process_reader_win.cc(151)] SuspendThread: Access is denied. (0x5)
[1019/062340.619:ERROR:process_reader_win.cc(151)] SuspendThread: Access is denied. (0x5)
[1019/062340.712:ERROR:process_reader_win.cc(151)] SuspendThread: Access is denied. (0x5)
[1019/062340.712:ERROR:process_reader_win.cc(151)] SuspendThread: Access is denied. (0x5)
[1019/062340.712:ERROR:process_reader_win.cc(151)] SuspendThread: Access is denied. (0x5)
[1019/062340.712:ERROR:process_reader_win.cc(151)] SuspendThread: Access is denied. (0x5)
[1019/062340.712:ERROR:process_reader_win.cc(151)] SuspendThread: Access is denied. (0x5)
[1019/062340.712:ERROR:process_reader_win.cc(151)] SuspendThread: Access is denied. (0x5)
[1019/062340.712:ERROR:process_reader_win.cc(151)] SuspendThread: Access is denied. (0x5)
[1019/062340.712:ERROR:process_reader_win.cc(151)] SuspendThread: Access is denied. (0x5)
[1019/062340.712:ERROR:process_reader_win.cc(151)] SuspendThread: Access is denied. (0x5)
[1019/062340.712:ERROR:process_reader_win.cc(151)] SuspendThread: Access is denied. (0x5)
[1019/062340.712:ERROR:process_reader_win.cc(151)] SuspendThread: Access is denied. (0x5)
[1019/062340.712:ERROR:process_reader_win.cc(151)] SuspendThread: Access is denied. (0x5)
[1019/062340.712:ERROR:process_reader_win.cc(151)] SuspendThread: Access is denied. (0x5)
[1019/062340.712:ERROR:process_reader_win.cc(151)] SuspendThread: Access is denied. (0x5)
[1019/062340.712:ERROR:process_reader_win.cc(151)] SuspendThread: Access is denied. (0x5)
[1019/062340.712:ERROR:process_reader_win.cc(151)] SuspendThread: Access is denied. (0x5)
[1019/062340.712:ERROR:process_reader_win.cc(151)] SuspendThread: Access is denied. (0x5)
[1019/062340.712:ERROR:process_reader_win.cc(151)] SuspendThread: Access is denied. (0x5)
[1019/062340.712:ERROR:process_reader_win.cc(151)] SuspendThread: Access is denied. (0x5)
[1019/062340.712:ERROR:process_reader_win.cc(151)] SuspendThread: Access is denied. (0x5)
[1019/062340.712:ERROR:process_reader_win.cc(151)] SuspendThread: Access is denied. (0x5)
[1019/062340.712:ERROR:process_reader_win.cc(151)] SuspendThread: Access is denied. (0x5)
[1019/062340.712:ERROR:process_reader_win.cc(151)] SuspendThread: Access is denied. (0x5)
[1019/062340.712:ERROR:process_reader_win.cc(151)] SuspendThread: Access is denied. (0x5)
[1019/062340.712:ERROR:process_reader_win.cc(151)] SuspendThread: Access is denied. (0x5)
[1019/062340.712:ERROR:process_reader_win.cc(151)] SuspendThread: Access is denied. (0x5)
[1019/062340.712:ERROR:process_reader_win.cc(151)] SuspendThread: Access is denied. (0x5)
[1019/062340.712:ERROR:process_reader_win.cc(151)] SuspendThread: Access is denied. (0x5)
[1019/062340.712:ERROR:process_reader_win.cc(151)] SuspendThread: Access is denied. (0x5)
[1019/062340.712:ERROR:process_reader_win.cc(151)] SuspendThread: Access is denied. (0x5)
[1019/062340.712:ERROR:process_reader_win.cc(151)] SuspendThread: Access is denied. (0x5)
[1019/062340.712:ERROR:process_reader_win.cc(151)] SuspendThread: Access is denied. (0x5)
[1019/062340.712:ERROR:process_reader_win.cc(151)] SuspendThread: Access is denied. (0x5)
[1019/062340.712:ERROR:process_reader_win.cc(151)] SuspendThread: Access is denied. (0x5)
[1019/062340.712:ERROR:process_reader_win.cc(151)] SuspendThread: Access is denied. (0x5)
[1019/062340.712:ERROR:process_reader_win.cc(151)] SuspendThread: Access is denied. (0x5)
[1019/062340.712:ERROR:process_reader_win.cc(151)] SuspendThread: Access is denied. (0x5)
[1019/062340.712:ERROR:process_reader_win.cc(151)] SuspendThread: Access is denied. (0x5)
[1019/062340.712:ERROR:process_reader_win.cc(151)] SuspendThread: Access is denied. (0x5)
[1019/062340.712:ERROR:process_reader_win.cc(151)] SuspendThread: Access is denied. (0x5)
[1019/062340.712:ERROR:process_reader_win.cc(151)] SuspendThread: Access is denied. (0x5)
[1019/062340.712:ERROR:process_reader_win.cc(151)] SuspendThread: Access is denied. (0x5)
[1019/062340.853:ERROR:process_reader_win.cc(151)] SuspendThread: Access is denied. (0x5)
[1019/062340.853:ERROR:process_reader_win.cc(151)] SuspendThread: Access is denied. (0x5)
[1019/062340.853:ERROR:process_reader_win.cc(151)] SuspendThread: Access is denied. (0x5)
[1019/062340.853:ERROR:process_reader_win.cc(151)] SuspendThread: Access is denied. (0x5)
[1019/062340.853:ERROR:process_reader_win.cc(151)] SuspendThread: Access is denied. (0x5)
[1019/062340.853:ERROR:process_reader_win.cc(151)] SuspendThread: Access is denied. (0x5)
[1019/062340.853:ERROR:process_reader_win.cc(151)] SuspendThread: Access is denied. (0x5)
[1019/062340.853:ERROR:process_reader_win.cc(151)] SuspendThread: Access is denied. (0x5)
[1019/062340.853:ERROR:process_reader_win.cc(151)] SuspendThread: Access is denied. (0x5)
[1019/062340.853:ERROR:process_reader_win.cc(151)] SuspendThread: Access is denied. (0x5)
[1019/062340.853:ERROR:process_reader_win.cc(151)] SuspendThread: Access is denied. (0x5)
[1019/062340.853:ERROR:process_reader_win.cc(151)] SuspendThread: Access is denied. (0x5)
[1019/062340.853:ERROR:process_reader_win.cc(151)] SuspendThread: Access is denied. (0x5)
[1019/062340.853:ERROR:process_reader_win.cc(151)] SuspendThread: Access is denied. (0x5)
[1019/062340.853:ERROR:process_reader_win.cc(151)] SuspendThread: Access is denied. (0x5)
[1019/062340.853:ERROR:process_reader_win.cc(151)] SuspendThread: Access is denied. (0x5)
[1019/062340.853:ERROR:process_reader_win.cc(151)] SuspendThread: Access is denied. (0x5)
[1019/062340.853:ERROR:process_reader_win.cc(151)] SuspendThread: Access is denied. (0x5)
[1019/062340.853:ERROR:process_reader_win.cc(151)] SuspendThread: Access is denied. (0x5)
[1019/062340.853:ERROR:process_reader_win.cc(151)] SuspendThread: Access is denied. (0x5)
[1019/062340.853:ERROR:process_reader_win.cc(151)] SuspendThread: Access is denied. (0x5)
[1019/062340.853:ERROR:process_reader_win.cc(151)] SuspendThread: Access is denied. (0x5)
[1019/062340.853:ERROR:process_reader_win.cc(151)] SuspendThread: Access is denied. (0x5)
[1019/062340.853:ERROR:process_reader_win.cc(151)] SuspendThread: Access is denied. (0x5)
[1019/062340.853:ERROR:process_reader_win.cc(151)] SuspendThread: Access is denied. (0x5)
[1019/062340.853:ERROR:process_reader_win.cc(151)] SuspendThread: Access is denied. (0x5)
[1019/062340.853:ERROR:process_reader_win.cc(151)] SuspendThread: Access is denied. (0x5)
[1019/062340.900:ERROR:process_reader_win.cc(151)] SuspendThread: Access is denied. (0x5)
[1019/062340.900:ERROR:process_reader_win.cc(151)] SuspendThread: Access is denied. (0x5)
[1019/062340.900:ERROR:process_reader_win.cc(151)] SuspendThread: Access is denied. (0x5)
[1019/062340.900:ERROR:process_reader_win.cc(151)] SuspendThread: Access is denied. (0x5)
[1019/062340.900:ERROR:process_reader_win.cc(151)] SuspendThread: Access is denied. (0x5)
[1019/062340.900:ERROR:process_reader_win.cc(151)] SuspendThread: Access is denied. (0x5)
[1019/062340.900:ERROR:process_reader_win.cc(151)] SuspendThread: Access is denied. (0x5)
[1019/062340.900:ERROR:process_reader_win.cc(151)] SuspendThread: Access is denied. (0x5)
[1019/062340.900:ERROR:process_reader_win.cc(151)] SuspendThread: Access is denied. (0x5)
[1019/062340.900:ERROR:process_reader_win.cc(151)] SuspendThread: Access is denied. (0x5)
[1019/062340.712:ERROR:process_reader_win.cc(123)] NtOpenThread: {Access Denied} A process has requested access to an object, but has not been granted those access rights. (0xc0000022)
[1019/062340.712:ERROR:process_reader_win.cc(123)] NtOpenThread: {Access Denied} A process has requested access to an object, but has not been granted those access rights. (0xc0000022)
[1019/062340.947:ERROR:process_reader_win.cc(123)] NtOpenThread: {Access Denied} A process has requested access to an object, but has not been granted those access rights. (0xc0000022)
[1019/062340.822:ERROR:process_reader_win.cc(123)] NtOpenThread: {Access Denied} A process has requested access to an object, but has not been granted those access rights. (0xc0000022)
[1019/062340.712:ERROR:process_reader_win.cc(123)] NtOpenThread: {Access Denied} A process has requested access to an object, but has not been granted those access rights. (0xc0000022)
[1019/062340.900:ERROR:process_reader_win.cc(123)] NtOpenThread: {Access Denied} A process has requested access to an object, but has not been granted those access rights. (0xc0000022)
[1019/062340.712:ERROR:process_reader_win.cc(123)] NtOpenThread: {Access Denied} A process has requested access to an object, but has not been granted those access rights. (0xc0000022)
[1019/062340.853:ERROR:process_reader_win.cc(123)] NtOpenThread: {Access Denied} A process has requested access to an object, but has not been granted those access rights. (0xc0000022)
[1019/062340.712:ERROR:process_reader_win.cc(123)] NtOpenThread: {Access Denied} A process has requested access to an object, but has not been granted those access rights. (0xc0000022)
[1019/062340.712:ERROR:process_reader_win.cc(123)] NtOpenThread: {Access Denied} A process has requested access to an object, but has not been granted those access rights. (0xc0000022)
[1019/062340.900:ERROR:process_reader_win.cc(123)] NtOpenThread: {Access Denied} A process has requested access to an object, but has not been granted those access rights. (0xc0000022)
[1019/062340.853:ERROR:process_reader_win.cc(123)] NtOpenThread: {Access Denied} A process has requested access to an object, but has not been granted those access rights. (0xc0000022)
[1019/062340.884:ERROR:process_reader_win.cc(123)] NtOpenThread: {Access Denied} A process has requested access to an object, but has not been granted those access rights. (0xc0000022)
[1019/062340.900:ERROR:process_reader_win.cc(123)] NtOpenThread: {Access Denied} A process has requested access to an object, but has not been granted those access rights. (0xc0000022)
[1019/062340.853:ERROR:process_reader_win.cc(123)] NtOpenThread: {Access Denied} A process has requested access to an object, but has not been granted those access rights. (0xc0000022)
[1019/062340.853:ERROR:process_reader_win.cc(123)] NtOpenThread: {Access Denied} A process has requested access to an object, but has not been granted those access rights. (0xc0000022)
[1019/062340.587:ERROR:process_reader_win.cc(123)] NtOpenThread: {Access Denied} A process has requested access to an object, but has not been granted those access rights. (0xc0000022)
[1019/062340.619:ERROR:process_reader_win.cc(123)] NtOpenThread: {Access Denied} A process has requested access to an object, but has not been granted those access rights. (0xc0000022)
[1019/062340.556:ERROR:process_reader_win.cc(123)] NtOpenThread: {Access Denied} A process has requested access to an object, but has not been granted those access rights. (0xc0000022)
[1019/062341.697:ERROR:exception_snapshot_win.cc(99)] thread ID 14356 not found in process
[1019/062341.697:ERROR:exception_snapshot_win.cc(99)] thread ID 14788 not found in process
[1019/062341.697:ERROR:exception_snapshot_win.cc(99)] thread ID 9300 not found in process
[1019/062341.697:ERROR:exception_snapshot_win.cc(99)] thread ID 18628 not found in process
[1019/062341.697:ERROR:exception_snapshot_win.cc(99)] thread ID 8012 not found in process
[1019/062341.697:ERROR:exception_snapshot_win.cc(99)] thread ID 7320 not found in process
[1019/062341.697:ERROR:exception_snapshot_win.cc(99)] thread ID 17232 not found in process
[1019/062341.697:ERROR:exception_snapshot_win.cc(99)] thread ID 7000 not found in process
[1019/062341.697:ERROR:exception_snapshot_win.cc(99)] thread ID 4360 not found in process
[1019/062341.697:ERROR:exception_snapshot_win.cc(99)] thread ID 4340 not found in process
[1019/062341.697:ERROR:exception_snapshot_win.cc(99)] thread ID 1732 not found in process
[1019/062341.697:ERROR:exception_snapshot_win.cc(99)] thread ID 12508 not found in process
[1019/062341.697:ERROR:exception_snapshot_win.cc(99)] thread ID 9584 not found in process
[1019/062341.697:ERROR:exception_snapshot_win.cc(99)] thread ID 14260 not found in process
[1019/062341.697:ERROR:exception_snapshot_win.cc(99)] thread ID 9260 not found in process
[1019/062341.697:ERROR:exception_snapshot_win.cc(99)] thread ID 17916 not found in process
[1019/062341.697:ERROR:exception_snapshot_win.cc(99)] thread ID 12468 not found in process
[1019/062341.697:ERROR:exception_snapshot_win.cc(99)] thread ID 4396 not found in process
[1019/062341.697:ERROR:exception_snapshot_win.cc(99)] thread ID 17628 not found in process
[1019/095945.795:ERROR:directory_reader_win.cc(43)] FindFirstFile: The system cannot find the path specified. (0x3)
[1019/162942.899:ERROR:process_reader_win.cc(123)] NtOpenThread: {Access Denied} A process has requested access to an object, but has not been granted those access rights. (0xc0000022)
[1019/162942.899:ERROR:process_reader_win.cc(123)] NtOpenThread: {Access Denied} A process has requested access to an object, but has not been granted those access rights. (0xc0000022)
[1019/162942.853:ERROR:process_reader_win.cc(123)] NtOpenThread: {Access Denied} A process has requested access to an object, but has not been granted those access rights. (0xc0000022)
[1019/162942.899:ERROR:process_reader_win.cc(123)] NtOpenThread: {Access Denied} A process has requested access to an object, but has not been granted those access rights. (0xc0000022)
[1019/162942.899:ERROR:process_reader_win.cc(123)] NtOpenThread: {Access Denied} A process has requested access to an object, but has not been granted those access rights. (0xc0000022)
[1019/162943.087:ERROR:exception_snapshot_win.cc(99)] thread ID 14008 not found in process
[1019/162943.087:ERROR:exception_snapshot_win.cc(99)] thread ID 4680 not found in process
[1019/162943.087:ERROR:exception_snapshot_win.cc(99)] thread ID 13960 not found in process
[1019/162943.087:ERROR:exception_snapshot_win.cc(99)] thread ID 7220 not found in process
[1019/162943.087:ERROR:exception_snapshot_win.cc(99)] thread ID 1720 not found in process
[1019/213445.163:ERROR:directory_reader_win.cc(43)] FindFirstFile: The system cannot find the path specified. (0x3)
[1020/052909.812:ERROR:process_reader_win.cc(151)] SuspendThread: Access is denied. (0x5)
[1020/052909.812:ERROR:process_reader_win.cc(151)] SuspendThread: Access is denied. (0x5)
[1020/052909.812:ERROR:process_reader_win.cc(151)] SuspendThread: Access is denied. (0x5)
[1020/052909.812:ERROR:process_reader_win.cc(151)] SuspendThread: Access is denied. (0x5)
[1020/052909.812:ERROR:process_reader_win.cc(151)] SuspendThread: Access is denied. (0x5)
[1020/052909.812:ERROR:process_reader_win.cc(151)] SuspendThread: Access is denied. (0x5)
[1020/052909.812:ERROR:process_reader_win.cc(151)] SuspendThread: Access is denied. (0x5)
[1020/052909.812:ERROR:process_reader_win.cc(151)] SuspendThread: Access is denied. (0x5)
[1020/052909.827:ERROR:process_reader_win.cc(151)] SuspendThread: Access is denied. (0x5)
[1020/052909.827:ERROR:process_reader_win.cc(151)] SuspendThread: Access is denied. (0x5)
[1020/052909.827:ERROR:process_reader_win.cc(151)] SuspendThread: Access is denied. (0x5)
[1020/052909.827:ERROR:process_reader_win.cc(151)] SuspendThread: Access is denied. (0x5)
[1020/052909.827:ERROR:process_reader_win.cc(151)] SuspendThread: Access is denied. (0x5)
[1020/052909.827:ERROR:process_reader_win.cc(151)] SuspendThread: Access is denied. (0x5)
[1020/052909.827:ERROR:process_reader_win.cc(151)] SuspendThread: Access is denied. (0x5)
[1020/052909.827:ERROR:process_reader_win.cc(151)] SuspendThread: Access is denied. (0x5)
[1020/052909.827:ERROR:process_reader_win.cc(151)] SuspendThread: Access is denied. (0x5)
[1020/052909.827:ERROR:process_reader_win.cc(151)] SuspendThread: Access is denied. (0x5)
[1020/052909.827:ERROR:process_reader_win.cc(151)] SuspendThread: Access is denied. (0x5)
[1020/052909.827:ERROR:process_reader_win.cc(151)] SuspendThread: Access is denied. (0x5)
[1020/052909.827:ERROR:process_reader_win.cc(151)] SuspendThread: Access is denied. (0x5)
[1020/052909.827:ERROR:process_reader_win.cc(151)] SuspendThread: Access is denied. (0x5)
[1020/052909.827:ERROR:process_reader_win.cc(151)] SuspendThread: Access is denied. (0x5)
[1020/052909.827:ERROR:process_reader_win.cc(151)] SuspendThread: Access is denied. (0x5)
[1020/052909.827:ERROR:process_reader_win.cc(151)] SuspendThread: Access is denied. (0x5)
[1020/052909.827:ERROR:process_reader_win.cc(151)] SuspendThread: Access is denied. (0x5)
[1020/052909.827:ERROR:process_reader_win.cc(151)] SuspendThread: Access is denied. (0x5)
[1020/052909.827:ERROR:process_reader_win.cc(151)] SuspendThread: Access is denied. (0x5)
[1020/052909.827:ERROR:process_reader_win.cc(151)] SuspendThread: Access is denied. (0x5)
[1020/052909.827:ERROR:process_reader_win.cc(151)] SuspendThread: Access is denied. (0x5)
[1020/052909.827:ERROR:process_reader_win.cc(151)] SuspendThread: Access is denied. (0x5)
[1020/052909.827:ERROR:process_reader_win.cc(151)] SuspendThread: Access is denied. (0x5)
[1020/052909.843:ERROR:process_reader_win.cc(151)] SuspendThread: Access is denied. (0x5)
[1020/052909.843:ERROR:process_reader_win.cc(151)] SuspendThread: Access is denied. (0x5)
[1020/052909.843:ERROR:process_reader_win.cc(151)] SuspendThread: Access is denied. (0x5)
[1020/052909.843:ERROR:process_reader_win.cc(151)] SuspendThread: Access is denied. (0x5)
[1020/052909.843:ERROR:process_reader_win.cc(151)] SuspendThread: Access is denied. (0x5)
[1020/052909.843:ERROR:process_reader_win.cc(151)] SuspendThread: Access is denied. (0x5)
[1020/052909.843:ERROR:process_reader_win.cc(151)] SuspendThread: Access is denied. (0x5)
[1020/052909.843:ERROR:process_reader_win.cc(151)] SuspendThread: Access is denied. (0x5)
[1020/052909.843:ERROR:process_reader_win.cc(151)] SuspendThread: Access is denied. (0x5)
[1020/052909.843:ERROR:process_reader_win.cc(151)] SuspendThread: Access is denied. (0x5)
[1020/052909.843:ERROR:process_reader_win.cc(151)] SuspendThread: Access is denied. (0x5)
[1020/052909.843:ERROR:process_reader_win.cc(151)] SuspendThread: Access is denied. (0x5)
[1020/052909.843:ERROR:process_reader_win.cc(151)] SuspendThread: Access is denied. (0x5)
[1020/052909.859:ERROR:process_reader_win.cc(151)] SuspendThread: Access is denied. (0x5)
[1020/052909.859:ERROR:process_reader_win.cc(151)] SuspendThread: Access is denied. (0x5)
[1020/052909.859:ERROR:process_reader_win.cc(151)] SuspendThread: Access is denied. (0x5)
[1020/052909.859:ERROR:process_reader_win.cc(151)] SuspendThread: Access is denied. (0x5)
[1020/052909.874:ERROR:process_reader_win.cc(151)] SuspendThread: Access is denied. (0x5)
[1020/052909.874:ERROR:process_reader_win.cc(151)] SuspendThread: Access is denied. (0x5)
[1020/052909.874:ERROR:process_reader_win.cc(151)] SuspendThread: Access is denied. (0x5)
[1020/052909.874:ERROR:process_reader_win.cc(151)] SuspendThread: Access is denied. (0x5)
[1020/052909.874:ERROR:process_reader_win.cc(151)] SuspendThread: Access is denied. (0x5)
[1020/052909.874:ERROR:process_reader_win.cc(151)] SuspendThread: Access is denied. (0x5)
[1020/052909.812:ERROR:process_reader_win.cc(123)] NtOpenThread: {Access Denied} A process has requested access to an object, but has not been granted those access rights. (0xc0000022)
[1020/052909.874:ERROR:process_reader_win.cc(123)] NtOpenThread: {Access Denied} A process has requested access to an object, but has not been granted those access rights. (0xc0000022)
[1020/052909.843:ERROR:process_reader_win.cc(123)] NtOpenThread: {Access Denied} A process has requested access to an object, but has not been granted those access rights. (0xc0000022)
[1020/052909.859:ERROR:process_reader_win.cc(123)] NtOpenThread: {Access Denied} A process has requested access to an object, but has not been granted those access rights. (0xc0000022)
[1020/052909.827:ERROR:process_reader_win.cc(123)] NtOpenThread: {Access Denied} A process has requested access to an object, but has not been granted those access rights. (0xc0000022)
[1020/052909.827:ERROR:process_reader_win.cc(123)] NtOpenThread: {Access Denied} A process has requested access to an object, but has not been granted those access rights. (0xc0000022)
[1020/052909.827:ERROR:process_reader_win.cc(123)] NtOpenThread: {Access Denied} A process has requested access to an object, but has not been granted those access rights. (0xc0000022)
[1020/052909.984:ERROR:exception_snapshot_win.cc(99)] thread ID 7284 not found in process
[1020/052909.984:ERROR:exception_snapshot_win.cc(99)] thread ID 8188 not found in process
[1020/052909.984:ERROR:exception_snapshot_win.cc(99)] thread ID 14748 not found in process
[1020/052909.984:ERROR:exception_snapshot_win.cc(99)] thread ID 3552 not found in process
[1020/052909.984:ERROR:exception_snapshot_win.cc(99)] thread ID 9364 not found in process
[1020/052909.984:ERROR:exception_snapshot_win.cc(99)] thread ID 15744 not found in process
[1020/052909.984:ERROR:exception_snapshot_win.cc(99)] thread ID 6068 not found in process
[1020/052909.984:ERROR:scoped_process_suspend.cc(40)] NtResumeProcess: An attempt was made to access an exiting process. (0xc000010a)
[1020/214027.478:ERROR:directory_reader_win.cc(43)] FindFirstFile: The system cannot find the path specified. (0x3)
[1021/050050.194:ERROR:process_reader_win.cc(123)] NtOpenThread: {Access Denied} A process has requested access to an object, but has not been granted those access rights. (0xc0000022)
[1021/050050.194:ERROR:process_reader_win.cc(123)] NtOpenThread: {Access Denied} A process has requested access to an object, but has not been granted those access rights. (0xc0000022)
[1021/050050.241:ERROR:exception_snapshot_win.cc(99)] thread ID 7480 not found in process
[1021/050050.241:ERROR:exception_snapshot_win.cc(99)] thread ID 11868 not found in process
[1021/050050.272:ERROR:process_reader_win.cc(123)] NtOpenThread: {Access Denied} A process has requested access to an object, but has not been granted those access rights. (0xc0000022)
[1021/050050.272:ERROR:exception_snapshot_win.cc(99)] thread ID 18056 not found in process
[1021/094415.974:ERROR:process_reader_win.cc(123)] NtOpenThread: {Access Denied} A process has requested access to an object, but has not been granted those access rights. (0xc0000022)
[1021/094415.984:ERROR:process_reader_win.cc(123)] NtOpenThread: {Access Denied} A process has requested access to an object, but has not been granted those access rights. (0xc0000022)
[1021/094415.974:ERROR:process_reader_win.cc(123)] NtOpenThread: {Access Denied} A process has requested access to an object, but has not been granted those access rights. (0xc0000022)
[1021/094416.184:ERROR:exception_snapshot_win.cc(99)] thread ID 17804 not found in process
[1021/094416.000:ERROR:process_reader_win.cc(123)] NtOpenThread: {Access Denied} A process has requested access to an object, but has not been granted those access rights. (0xc0000022)
[1021/094416.184:ERROR:exception_snapshot_win.cc(99)] thread ID 8688 not found in process
[1021/094416.184:ERROR:exception_snapshot_win.cc(99)] thread ID 15764 not found in process
[1021/094416.184:ERROR:exception_snapshot_win.cc(99)] thread ID 14268 not found in process
[1021/102101.564:ERROR:directory_reader_win.cc(43)] FindFirstFile: The system cannot find the path specified. (0x3)
[1021/170916.756:ERROR:process_reader_win.cc(151)] SuspendThread: Access is denied. (0x5)
[1021/170916.756:ERROR:process_reader_win.cc(151)] SuspendThread: Access is denied. (0x5)
[1021/170916.757:ERROR:process_reader_win.cc(151)] SuspendThread: Access is denied. (0x5)
[1021/170916.757:ERROR:process_reader_win.cc(151)] SuspendThread: Access is denied. (0x5)
[1021/170916.757:ERROR:process_reader_win.cc(151)] SuspendThread: Access is denied. (0x5)
[1021/170916.760:ERROR:process_reader_win.cc(151)] SuspendThread: Access is denied. (0x5)
[1021/170916.761:ERROR:process_reader_win.cc(151)] SuspendThread: Access is denied. (0x5)
[1021/170916.761:ERROR:process_reader_win.cc(151)] SuspendThread: Access is denied. (0x5)
[1021/170916.761:ERROR:process_reader_win.cc(151)] SuspendThread: Access is denied. (0x5)
[1021/170916.488:ERROR:process_reader_win.cc(123)] NtOpenThread: {Access Denied} A process has requested access to an object, but has not been granted those access rights. (0xc0000022)
[1021/170916.757:ERROR:process_reader_win.cc(123)] NtOpenThread: {Access Denied} A process has requested access to an object, but has not been granted those access rights. (0xc0000022)
[1021/170916.718:ERROR:process_reader_win.cc(123)] NtOpenThread: {Access Denied} A process has requested access to an object, but has not been granted those access rights. (0xc0000022)
[1021/170916.826:ERROR:process_reader_win.cc(123)] NtOpenThread: {Access Denied} A process has requested access to an object, but has not been granted those access rights. (0xc0000022)
[1021/170916.761:ERROR:process_reader_win.cc(123)] NtOpenThread: {Access Denied} A process has requested access to an object, but has not been granted those access rights. (0xc0000022)
[1021/170916.838:ERROR:exception_snapshot_win.cc(99)] thread ID 10512 not found in process
[1021/170916.838:ERROR:exception_snapshot_win.cc(99)] thread ID 9028 not found in process
[1021/170916.838:ERROR:exception_snapshot_win.cc(99)] thread ID 9308 not found in process
[1021/170916.838:ERROR:exception_snapshot_win.cc(99)] thread ID 10272 not found in process
[1021/170916.714:ERROR:process_reader_win.cc(123)] NtOpenThread: {Access Denied} A process has requested access to an object, but has not been granted those access rights. (0xc0000022)
[1021/170916.838:ERROR:exception_snapshot_win.cc(99)] thread ID 13284 not found in process
[1021/170916.839:ERROR:exception_snapshot_win.cc(99)] thread ID 5672 not found in process
[1022/104036.480:ERROR:directory_reader_win.cc(43)] FindFirstFile: The system cannot find the path specified. (0x3)
[1024/113903.820:ERROR:directory_reader_win.cc(43)] FindFirstFile: The system cannot find the path specified. (0x3)
[1024/170339.017:ERROR:process_reader_win.cc(123)] NtOpenThread: {Access Denied} A process has requested access to an object, but has not been granted those access rights. (0xc0000022)
[1024/170339.011:ERROR:process_reader_win.cc(123)] NtOpenThread: {Access Denied} A process has requested access to an object, but has not been granted those access rights. (0xc0000022)
[1024/170339.011:ERROR:process_reader_win.cc(123)] NtOpenThread: {Access Denied} A process has requested access to an object, but has not been granted those access rights. (0xc0000022)
[1024/170339.016:ERROR:process_reader_win.cc(123)] NtOpenThread: {Access Denied} A process has requested access to an object, but has not been granted those access rights. (0xc0000022)
[1024/170339.338:ERROR:exception_snapshot_win.cc(99)] thread ID 9972 not found in process
[1024/170339.018:ERROR:process_reader_win.cc(123)] NtOpenThread: {Access Denied} A process has requested access to an object, but has not been granted those access rights. (0xc0000022)
[1024/170339.011:ERROR:process_reader_win.cc(123)] NtOpenThread: {Access Denied} A process has requested access to an object, but has not been granted those access rights. (0xc0000022)
[1024/170339.338:ERROR:exception_snapshot_win.cc(99)] thread ID 15864 not found in process
[1024/170339.012:ERROR:process_reader_win.cc(123)] NtOpenThread: {Access Denied} A process has requested access to an object, but has not been granted those access rights. (0xc0000022)
[1024/170339.339:ERROR:exception_snapshot_win.cc(99)] thread ID 15068 not found in process
[1024/170339.339:ERROR:exception_snapshot_win.cc(99)] thread ID 14828 not found in process
[1024/170339.339:ERROR:exception_snapshot_win.cc(99)] thread ID 15788 not found in process
[1024/170339.339:ERROR:exception_snapshot_win.cc(99)] thread ID 13456 not found in process
[1024/170339.339:ERROR:exception_snapshot_win.cc(99)] thread ID 15412 not found in process
[1026/113842.912:ERROR:directory_reader_win.cc(43)] FindFirstFile: The system cannot find the path specified. (0x3)
[1026/171745.843:ERROR:process_reader_win.cc(123)] NtOpenThread: {Access Denied} A process has requested access to an object, but has not been granted those access rights. (0xc0000022)
[1026/171745.843:ERROR:process_reader_win.cc(123)] NtOpenThread: {Access Denied} A process has requested access to an object, but has not been granted those access rights. (0xc0000022)
[1026/171746.249:ERROR:exception_snapshot_win.cc(99)] thread ID 11620 not found in process
[1026/171746.249:ERROR:exception_snapshot_win.cc(99)] thread ID 17012 not found in process
[1026/230218.667:ERROR:directory_reader_win.cc(43)] FindFirstFile: The system cannot find the path specified. (0x3)
